This is TeX, Version 3.14159 (Web2C 7.4.5) (format=tex 2005.1.21)  12 APR 2006 17:06
**versor.texinfo
(./versor.texinfo (/usr/share/texmf/tex/texinfo/texinfo.tex
Loading texinfo [version 2003-02-03.16]: Basics,
\bindingoffset=\dimen16
\normaloffset=\dimen17
\pagewidth=\dimen18
\pageheight=\dimen19
\outerhsize=\dimen20
\outervsize=\dimen21
\cornerlong=\dimen22
\cornerthick=\dimen23
\topandbottommargin=\dimen24
\headlinebox=\box16
\footlinebox=\box17
\margin=\insert252
\EMsimple=\toks12
\groupbox=\box18
\groupinvalidhelp=\toks13
\mil=\dimen25
\exdentamount=\skip18
\inmarginspacing=\skip19
 pdf,
\tempnum=\count26
\lnkcount=\count27
\filename=\toks14
\filenamelength=\count28
\pgn=\count29
\toksA=\toks15
\toksB=\toks16
\toksC=\toks17
\toksD=\toks18
\boxA=\box19
\countA=\count30
 fonts,
\sffam=\fam8
\textleading=\dimen26
\mainmagstep=\count31
\fontdepth=\count32
 page headings,
\titlepagetopglue=\skip20
\titlepagebottomglue=\skip21
\evenheadline=\toks19
\oddheadline=\toks20
\evenfootline=\toks21
\oddfootline=\toks22

tables,
\tableindent=\dimen27
\itemindent=\dimen28
\itemmargin=\dimen29
\itemmax=\dimen30
\itemno=\count33
\multitableparskip=\skip22
\multitableparindent=\skip23
\multitablecolspace=\dimen31
\multitablelinespace=\skip24
\colcount=\count34
\savedfootnotes=\box20
 conditionals, indexing,
\secondaryindent=\skip25
\partialpage=\box21
\doublecolumnhsize=\dimen32
 sectioning,
\chapno=\count35
\secno=\count36
\subsecno=\count37
\subsubsecno=\count38
\appendixno=\count39
\absseclevel=\count40
\secbase=\count41
\chapheadingskip=\skip26
\secheadingskip=\skip27
\subsecheadingskip=\skip28
 toc,
\tocfile=\write0
\contentsrightmargin=\skip29
\savepageno=\count42
\lastnegativepageno=\count43
\shortappendixwidth=\dimen33
\tocindent=\dimen34
 environments,
\errorbox=\box22
\lispnarrowing=\skip30
\envskipamount=\skip31
\circthick=\dimen35
\cartouter=\dimen36
\cartinner=\dimen37
\normbskip=\skip32
\normpskip=\skip33
\normlskip=\skip34
\lskip=\skip35
\rskip=\skip36
\tabw=\dimen38
 defuns,
\defbodyindent=\skip37
\defargsindent=\skip38
\deflastargmargin=\skip39
\parencount=\count44
 macros,
\macscribble=\write1
\paramno=\count45
\macname=\toks23

cross references,
\auxfile=\write2
\savesfregister=\count46
\footnoteno=\count47
 (/usr/share/texmf/tex/generic/misc/epsf.tex
\epsffilein=\read0
\epsfframemargin=\dimen39
\epsfframethickness=\dimen40
\epsfrsize=\dimen41
\epsftmp=\dimen42
\epsftsize=\dimen43
\epsfxsize=\dimen44
\epsfysize=\dimen45
\pspoints=\dimen46
\epsfnoopenhelp=\toks24
)
\noepsfhelp=\toks25
 localization,
\nolanghelp=\toks26
\defaultparindent=\dimen47

and turning on texinfo input format.) (./versor.aux)
@cpindfile=@write3
@fnindfile=@write4
@vrindfile=@write5
@tpindfile=@write6
@kyindfile=@write7
@pgindfile=@write8
 [1
\openout2 = `versor.aux'.

\openout3 = `versor.cp'.

\openout4 = `versor.fn'.

\openout5 = `versor.vr'.

\openout6 = `versor.tp'.

\openout7 = `versor.ky'.

\openout8 = `versor.pg'.

] [2]
Overfull \hbox (5.84001pt too wide) in paragraph at lines 56--57
@textrm paragraphs| 

@hbox(9.34993+3.85005)x47.20673
.@textrm p
.@textrm a
.@textrm r
.@textrm a
.@textrm g
.etc.

Chapter 1 [1]
\openout0 = `versor.toc'.


Underfull \hbox (badness 10000) in paragraph at lines 248--249
 @textrm depth of

@hbox(7.60416+2.12917)x90.93134, glue set 21.41672
.@glue(@leftskip) 12.0
.@textrm d
.@textrm e
.@textrm p
.@textrm t
.etc.


Overfull \hbox (5.84001pt too wide) in paragraph at lines 251--252
@textrm paragraphs| 

@hbox(7.60416+2.12917)x47.20673
.@textrm p
.@textrm a
.@textrm r
.@textrm a
.@textrm g
.etc.

[2] Chapter 2 [3] [4] Chapter 3 [5]
554: Undefined cross reference `Expressions-snt'.
554: Undefined cross reference `Expressions-snt'.
554: Undefined cross reference `Expressions-pg'.
586: Undefined cross reference `Words-snt'.
586: Undefined cross reference `Words-snt'.
586: Undefined cross reference `Words-pg'.
593: Undefined cross reference `Sentences-snt'.
593: Undefined cross reference `Sentences-snt'.
593: Undefined cross reference `Sentences-pg'.
594: Undefined cross reference `Paragraphs-snt'.
594: Undefined cross reference `Paragraphs-snt'.
594: Undefined cross reference `Paragraphs-pg'. [6]
655: Undefined cross reference `Top-snt'.
655: Undefined cross reference `Top-snt'.
655: Undefined cross reference `Top-pg'. [7] Chapter 4 [8]
805: Undefined cross reference `Alterations-snt'.
805: Undefined cross reference `Alterations-snt'.
805: Undefined cross reference `Alterations-pg'. [9]
871: Undefined cross reference `Alterations-snt'.
871: Undefined cross reference `Alterations-snt'.
871: Undefined cross reference `Alterations-pg'. [10] Chapter 5 [11]
923: Undefined cross reference `Top-snt'.
923: Undefined cross reference `Top-snt'.
923: Undefined cross reference `Top-pg'. [12] [13] Chapter 6 [14] Chapter 7
[15] 1236: Undefined cross reference `Menu Bar-snt'.
1236: Undefined cross reference `Menu Bar-snt'.
1236: Undefined cross reference `Menu Bar-pg'.
1281: Undefined cross reference `Menu Bar-snt'.
1281: Undefined cross reference `Menu Bar-snt'.
1281: Undefined cross reference `Menu Bar-pg'. [16] Chapter 8 [17] Chapter 9
[18] [19] [20] [21] [22] [23] Chapter 10 [24] Chapter 11 [25] (Command Index)
[26] (Concept Index) [27] [28] (./versor.toc [-1]) [-2] ) 
Here is how much of TeX's memory you used:
 1588 strings out of 98002
 19678 string characters out of 1221978
 41302 words of memory out of 1000001
 2467 multiletter control sequences out of 10000+50000
 31953 words of font info for 111 fonts, out of 500000 for 1000
 19 hyphenation exceptions out of 1000
 12i,7n,11p,238b,348s stack positions out of 1500i,500n,5000p,200000b,5000s

Output written on versor.dvi (32 pages, 95328 bytes).
